2023-01-25 17:12:52.115  INFO 12364 --- [main] c.r.SpringBootRestServiceApplication     : Starting SpringBootRestServiceApplication using Java 18 on Chetan with PID 12364 (D:\Latest Learning\PACT Automation\Code Projects\SpringBootRestService\target\classes started by Chetan in D:\Latest Learning\PACT Automation\Code Projects\SpringBootRestService)
2023-01-25 17:12:52.140  INFO 12364 --- [main] c.r.SpringBootRestServiceApplication     : No active profile set, falling back to default profiles: default
2023-01-25 17:12:54.514  INFO 12364 --- [main] .s.d.r.c.RepositoryConfigurationDelegate : Bootstrapping Spring Data JPA repositories in DEFAULT mode.
2023-01-25 17:12:54.703  INFO 12364 --- [main] .s.d.r.c.RepositoryConfigurationDelegate : Finished Spring Data repository scanning in 161 ms. Found 1 JPA repository interfaces.
2023-01-25 17:12:56.536  INFO 12364 --- [main] o.s.b.w.embedded.tomcat.TomcatWebServer  : Tomcat initialized with port(s): 8080 (http)
2023-01-25 17:12:56.566  INFO 12364 --- [main] o.apache.catalina.core.StandardService   : Starting service [Tomcat]
2023-01-25 17:12:56.569  INFO 12364 --- [main] org.apache.catalina.core.StandardEngine  : Starting Servlet engine: [Apache Tomcat/9.0.48]
2023-01-25 17:12:56.886  INFO 12364 --- [main] o.a.c.c.C.[Tomcat].[localhost].[/]       : Initializing Spring embedded WebApplicationContext
2023-01-25 17:12:56.887  INFO 12364 --- [main] w.s.c.ServletWebServerApplicationContext : Root WebApplicationContext: initialization completed in 4517 ms
2023-01-25 17:12:57.200  INFO 12364 --- [main] com.zaxxer.hikari.HikariDataSource       : HikariPool-1 - Starting...
2023-01-25 17:12:57.220  WARN 12364 --- [main] com.zaxxer.hikari.util.DriverDataSource  : Registered driver with driverClassName=com.mysql.jdbc.Driver was not found, trying direct instantiation.
2023-01-25 17:12:58.476  INFO 12364 --- [main] com.zaxxer.hikari.HikariDataSource       : HikariPool-1 - Start completed.
2023-01-25 17:12:58.876  INFO 12364 --- [main] o.hibernate.jpa.internal.util.LogHelper  : HHH000204: Processing PersistenceUnitInfo [name: default]
2023-01-25 17:12:59.078  INFO 12364 --- [main] org.hibernate.Version                    : HHH000412: Hibernate ORM core version 5.4.32.Final
2023-01-25 17:12:59.712  INFO 12364 --- [main] o.hibernate.annotations.common.Version   : HCANN000001: Hibernate Commons Annotations {5.1.2.Final}
2023-01-25 17:13:00.563  INFO 12364 --- [main] org.hibernate.dialect.Dialect            : HHH000400: Using dialect: org.hibernate.dialect.MySQL5InnoDBDialect
2023-01-25 17:13:03.045  INFO 12364 --- [main] o.h.e.t.j.p.i.JtaPlatformInitiator       : HHH000490: Using JtaPlatform implementation: [org.hibernate.engine.transaction.jta.platform.internal.NoJtaPlatform]
2023-01-25 17:13:03.090  INFO 12364 --- [main] j.LocalContainerEntityManagerFactoryBean : Initialized JPA EntityManagerFactory for persistence unit 'default'
2023-01-25 17:13:04.288  WARN 12364 --- [main] JpaBaseConfiguration$JpaWebConfiguration : spring.jpa.open-in-view is enabled by default. Therefore, database queries may be performed during view rendering. Explicitly configure spring.jpa.open-in-view to disable this warning
2023-01-25 17:13:05.442  INFO 12364 --- [main] o.s.b.w.embedded.tomcat.TomcatWebServer  : Tomcat started on port(s): 8080 (http) with context path ''
2023-01-25 17:13:05.471  INFO 12364 --- [main] c.r.SpringBootRestServiceApplication     : Started SpringBootRestServiceApplication in 14.926 seconds (JVM running for 17.354)
2023-01-25 18:46:43.166  WARN 12364 --- [HikariPool-1 housekeeper] com.zaxxer.hikari.pool.HikariPool        : HikariPool-1 - Thread starvation or clock leap detected (housekeeper delta=6m13s39ms966µs699ns).
